Symlinking /home/ROS/ros_ws/devel/include/exercicio_2/AddTwoIntsRequest.h
Symlinking /home/ROS/ros_ws/devel/include/exercicio_2/AddTwoInts.h
Symlinking /home/ROS/ros_ws/devel/include/exercicio_2/AddTwoIntsResponse.h
Symlinking /home/ROS/ros_ws/devel/lib/exercicio_2/add_two_ints_server
Symlinking /home/ROS/ros_ws/devel/lib/exercicio_2/add_two_ints_client
Symlinking /home/ROS/ros_ws/devel/lib/python3/dist-packages/exercicio_2/__init__.py
Symlinking /home/ROS/ros_ws/devel/lib/python3/dist-packages/exercicio_2/srv/_AddTwoInts.py
Symlinking /home/ROS/ros_ws/devel/lib/python3/dist-packages/exercicio_2/srv/__init__.py
Symlinking /home/ROS/ros_ws/devel/lib/pkgconfig/exercicio_2.pc
Symlinking /home/ROS/ros_ws/devel/share/common-lisp/ros/exercicio_2/srv/_package.lisp
Symlinking /home/ROS/ros_ws/devel/share/common-lisp/ros/exercicio_2/srv/AddTwoInts.lisp
Symlinking /home/ROS/ros_ws/devel/share/common-lisp/ros/exercicio_2/srv/exercicio_2-srv.asd
Symlinking /home/ROS/ros_ws/devel/share/common-lisp/ros/exercicio_2/srv/_package_AddTwoInts.lisp
Symlinking /home/ROS/ros_ws/devel/share/exercicio_2/cmake/exercicio_2-msg-extras.cmake
Symlinking /home/ROS/ros_ws/devel/share/exercicio_2/cmake/exercicio_2Config.cmake
Symlinking /home/ROS/ros_ws/devel/share/exercicio_2/cmake/exercicio_2Config-version.cmake
Symlinking /home/ROS/ros_ws/devel/share/exercicio_2/cmake/exercicio_2-msg-paths.cmake
Symlinking /home/ROS/ros_ws/devel/share/roseus/ros/exercicio_2/manifest.l
Symlinking /home/ROS/ros_ws/devel/share/roseus/ros/exercicio_2/srv/AddTwoInts.l
Symlinking /home/ROS/ros_ws/devel/share/gennodejs/ros/exercicio_2/_index.js
Symlinking /home/ROS/ros_ws/devel/share/gennodejs/ros/exercicio_2/srv/_index.js
Symlinking /home/ROS/ros_ws/devel/share/gennodejs/ros/exercicio_2/srv/AddTwoInts.js
